This is pdfTeX, Version 3.14159265-2.6-1.40.18 (TeX Live 2017) (preloaded format=pdflatex 2017.5.23)  26 MAR 2018 22:34
entering extended mode
 restricted \write18 enabled.
 %&-line parsing enabled.
**data_check.tex
(./data_check.tex
LaTeX2e <2017-04-15>
Babel <3.10> and hyphenation patterns for 84 language(s) loaded.
(/usr/local/texlive/2017/texmf-dist/tex/latex/base/article.cls
Document Class: article 2014/09/29 v1.4h Standard LaTeX document class
(/usr/local/texlive/2017/texmf-dist/tex/latex/base/size10.clo
File: size10.clo 2014/09/29 v1.4h Standard LaTeX file (size option)
)
\c@part=\count79
\c@section=\count80
\c@subsection=\count81
\c@subsubsection=\count82
\c@paragraph=\count83
\c@subparagraph=\count84
\c@figure=\count85
\c@table=\count86
\abovecaptionskip=\skip41
\belowcaptionskip=\skip42
\bibindent=\dimen102
)
(/usr/local/texlive/2017/texmf-dist/tex/latex/graphics/graphicx.sty
Package: graphicx 2014/10/28 v1.0g Enhanced LaTeX Graphics (DPC,SPQR)

(/usr/local/texlive/2017/texmf-dist/tex/latex/graphics/keyval.sty
Package: keyval 2014/10/28 v1.15 key=value parser (DPC)
\KV@toks@=\toks14
)
(/usr/local/texlive/2017/texmf-dist/tex/latex/graphics/graphics.sty
Package: graphics 2017/04/14 v1.1b Standard LaTeX Graphics (DPC,SPQR)

(/usr/local/texlive/2017/texmf-dist/tex/latex/graphics/trig.sty
Package: trig 2016/01/03 v1.10 sin cos tan (DPC)
)
(/usr/local/texlive/2017/texmf-dist/tex/latex/graphics-cfg/graphics.cfg
File: graphics.cfg 2016/06/04 v1.11 sample graphics configuration
)
Package graphics Info: Driver file: pdftex.def on input line 99.

(/usr/local/texlive/2017/texmf-dist/tex/latex/graphics-def/pdftex.def
File: pdftex.def 2017/01/12 v0.06k Graphics/color for pdfTeX

(/usr/local/texlive/2017/texmf-dist/tex/generic/oberdiek/infwarerr.sty
Package: infwarerr 2016/05/16 v1.4 Providing info/warning/error messages (HO)
)
(/usr/local/texlive/2017/texmf-dist/tex/generic/oberdiek/ltxcmds.sty
Package: ltxcmds 2016/05/16 v1.23 LaTeX kernel commands for general use (HO)
)
\Gread@gobject=\count87
))
\Gin@req@height=\dimen103
\Gin@req@width=\dimen104
)
(/usr/local/texlive/2017/texmf-dist/tex/latex/hyperref/hyperref.sty
Package: hyperref 2017/03/14 v6.85a Hypertext links for LaTeX

(/usr/local/texlive/2017/texmf-dist/tex/generic/oberdiek/hobsub-hyperref.sty
Package: hobsub-hyperref 2016/05/16 v1.14 Bundle oberdiek, subset hyperref (HO)


(/usr/local/texlive/2017/texmf-dist/tex/generic/oberdiek/hobsub-generic.sty
Package: hobsub-generic 2016/05/16 v1.14 Bundle oberdiek, subset generic (HO)
Package: hobsub 2016/05/16 v1.14 Construct package bundles (HO)
Package hobsub Info: Skipping package `infwarerr' (already loaded).
Package hobsub Info: Skipping package `ltxcmds' (already loaded).
Package: ifluatex 2016/05/16 v1.4 Provides the ifluatex switch (HO)
Package ifluatex Info: LuaTeX not detected.
Package: ifvtex 2016/05/16 v1.6 Detect VTeX and its facilities (HO)
Package ifvtex Info: VTeX not detected.
Package: intcalc 2016/05/16 v1.2 Expandable calculations with integers (HO)
Package: ifpdf 2017/03/15 v3.2 Provides the ifpdf switch
Package: etexcmds 2016/05/16 v1.6 Avoid name clashes with e-TeX commands (HO)
Package etexcmds Info: Could not find \expanded.
(etexcmds)             That can mean that you are not using pdfTeX 1.50 or
(etexcmds)             that some package has redefined \expanded.
(etexcmds)             In the latter case, load this package earlier.
Package: kvsetkeys 2016/05/16 v1.17 Key value parser (HO)
Package: kvdefinekeys 2016/05/16 v1.4 Define keys (HO)
Package: pdftexcmds 2017/03/19 v0.25 Utility functions of pdfTeX for LuaTeX (HO
)
Package pdftexcmds Info: LuaTeX not detected.
Package pdftexcmds Info: \pdf@primitive is available.
Package pdftexcmds Info: \pdf@ifprimitive is available.
Package pdftexcmds Info: \pdfdraftmode found.
Package: pdfescape 2016/05/16 v1.14 Implements pdfTeX's escape features (HO)
Package: bigintcalc 2016/05/16 v1.4 Expandable calculations on big integers (HO
)
Package: bitset 2016/05/16 v1.2 Handle bit-vector datatype (HO)
Package: uniquecounter 2016/05/16 v1.3 Provide unlimited unique counter (HO)
)
Package hobsub Info: Skipping package `hobsub' (already loaded).
Package: letltxmacro 2016/05/16 v1.5 Let assignment for LaTeX macros (HO)
Package: hopatch 2016/05/16 v1.3 Wrapper for package hooks (HO)
Package: xcolor-patch 2016/05/16 xcolor patch
Package: atveryend 2016/05/16 v1.9 Hooks at the very end of document (HO)
Package atveryend Info: \enddocument detected (standard20110627).
Package: atbegshi 2016/06/09 v1.18 At begin shipout hook (HO)
Package: refcount 2016/05/16 v3.5 Data extraction from label references (HO)
Package: hycolor 2016/05/16 v1.8 Color options for hyperref/bookmark (HO)
)
(/usr/local/texlive/2017/texmf-dist/tex/generic/ifxetex/ifxetex.sty
Package: ifxetex 2010/09/12 v0.6 Provides ifxetex conditional
)
(/usr/local/texlive/2017/texmf-dist/tex/latex/oberdiek/auxhook.sty
Package: auxhook 2016/05/16 v1.4 Hooks for auxiliary files (HO)
)
(/usr/local/texlive/2017/texmf-dist/tex/latex/oberdiek/kvoptions.sty
Package: kvoptions 2016/05/16 v3.12 Key value format for package options (HO)
)
\@linkdim=\dimen105
\Hy@linkcounter=\count88
\Hy@pagecounter=\count89

(/usr/local/texlive/2017/texmf-dist/tex/latex/hyperref/pd1enc.def
File: pd1enc.def 2017/03/14 v6.85a Hyperref: PDFDocEncoding definition (HO)
)
\Hy@SavedSpaceFactor=\count90

(/usr/local/texlive/2017/texmf-dist/tex/latex/latexconfig/hyperref.cfg
File: hyperref.cfg 2002/06/06 v1.2 hyperref configuration of TeXLive
)
Package hyperref Info: Hyper figures OFF on input line 4498.
Package hyperref Info: Link nesting OFF on input line 4503.
Package hyperref Info: Hyper index ON on input line 4506.
Package hyperref Info: Plain pages OFF on input line 4513.
Package hyperref Info: Backreferencing OFF on input line 4518.
Package hyperref Info: Implicit mode ON; LaTeX internals redefined.
Package hyperref Info: Bookmarks ON on input line 4751.
\c@Hy@tempcnt=\count91

(/usr/local/texlive/2017/texmf-dist/tex/latex/url/url.sty
\Urlmuskip=\muskip10
Package: url 2013/09/16  ver 3.4  Verb mode for urls, etc.
)
LaTeX Info: Redefining \url on input line 5104.
\XeTeXLinkMargin=\dimen106
\Fld@menulength=\count92
\Field@Width=\dimen107
\Fld@charsize=\dimen108
Package hyperref Info: Hyper figures OFF on input line 6358.
Package hyperref Info: Link nesting OFF on input line 6363.
Package hyperref Info: Hyper index ON on input line 6366.
Package hyperref Info: backreferencing OFF on input line 6373.
Package hyperref Info: Link coloring OFF on input line 6378.
Package hyperref Info: Link coloring with OCG OFF on input line 6383.
Package hyperref Info: PDF/A mode OFF on input line 6388.
LaTeX Info: Redefining \ref on input line 6428.
LaTeX Info: Redefining \pageref on input line 6432.
\Hy@abspage=\count93
\c@Item=\count94
\c@Hfootnote=\count95
)

Package hyperref Message: Driver (autodetected): hpdftex.

(/usr/local/texlive/2017/texmf-dist/tex/latex/hyperref/hpdftex.def
File: hpdftex.def 2017/03/14 v6.85a Hyperref driver for pdfTeX
\Fld@listcount=\count96
\c@bookmark@seq@number=\count97

(/usr/local/texlive/2017/texmf-dist/tex/latex/oberdiek/rerunfilecheck.sty
Package: rerunfilecheck 2016/05/16 v1.8 Rerun checks for auxiliary files (HO)
Package uniquecounter Info: New unique counter `rerunfilecheck' on input line 2
82.
)
\Hy@SectionHShift=\skip43
)
Package hyperref Info: Option `colorlinks' set `true' on input line 10.

(/usr/local/texlive/2017/texmf-dist/tex/latex/geometry/geometry.sty
Package: geometry 2010/09/12 v5.6 Page Geometry
\Gm@cnth=\count98
\Gm@cntv=\count99
\c@Gm@tempcnt=\count100
\Gm@bindingoffset=\dimen109
\Gm@wd@mp=\dimen110
\Gm@odd@mp=\dimen111
\Gm@even@mp=\dimen112
\Gm@layoutwidth=\dimen113
\Gm@layoutheight=\dimen114
\Gm@layouthoffset=\dimen115
\Gm@layoutvoffset=\dimen116
\Gm@dimlist=\toks15
)

Package geometry Warning: Over-specification in `h'-direction.
    `width' (469.75499pt) is ignored.


Package geometry Warning: Over-specification in `v'-direction.
    `height' (650.43pt) is ignored.

(./data_check.aux)
\openout1 = `data_check.aux'.

LaTeX Font Info:    Checking defaults for OML/cmm/m/it on input line 22.
LaTeX Font Info:    ... okay on input line 22.
LaTeX Font Info:    Checking defaults for T1/cmr/m/n on input line 22.
LaTeX Font Info:    ... okay on input line 22.
LaTeX Font Info:    Checking defaults for OT1/cmr/m/n on input line 22.
LaTeX Font Info:    ... okay on input line 22.
LaTeX Font Info:    Checking defaults for OMS/cmsy/m/n on input line 22.
LaTeX Font Info:    ... okay on input line 22.
LaTeX Font Info:    Checking defaults for OMX/cmex/m/n on input line 22.
LaTeX Font Info:    ... okay on input line 22.
LaTeX Font Info:    Checking defaults for U/cmr/m/n on input line 22.
LaTeX Font Info:    ... okay on input line 22.
LaTeX Font Info:    Checking defaults for PD1/pdf/m/n on input line 22.
LaTeX Font Info:    ... okay on input line 22.

(/usr/local/texlive/2017/texmf-dist/tex/context/base/mkii/supp-pdf.mkii
[Loading MPS to PDF converter (version 2006.09.02).]
\scratchcounter=\count101
\scratchdimen=\dimen117
\scratchbox=\box26
\nofMPsegments=\count102
\nofMParguments=\count103
\everyMPshowfont=\toks16
\MPscratchCnt=\count104
\MPscratchDim=\dimen118
\MPnumerator=\count105
\makeMPintoPDFobject=\count106
\everyMPtoPDFconversion=\toks17
) (/usr/local/texlive/2017/texmf-dist/tex/latex/oberdiek/epstopdf-base.sty
Package: epstopdf-base 2016/05/15 v2.6 Base part for package epstopdf

(/usr/local/texlive/2017/texmf-dist/tex/latex/oberdiek/grfext.sty
Package: grfext 2016/05/16 v1.2 Manage graphics extensions (HO)
)
Package epstopdf-base Info: Redefining graphics rule for `.eps' on input line 4
38.
Package grfext Info: Graphics extension search list:
(grfext)             [.png,.pdf,.jpg,.mps,.jpeg,.jbig2,.jb2,.PNG,.PDF,.JPG,.JPE
G,.JBIG2,.JB2,.eps]
(grfext)             \AppendGraphicsExtensions on input line 456.

(/usr/local/texlive/2017/texmf-dist/tex/latex/latexconfig/epstopdf-sys.cfg
File: epstopdf-sys.cfg 2010/07/13 v1.3 Configuration of (r)epstopdf for TeX Liv
e
))
\AtBeginShipoutBox=\box27

(/usr/local/texlive/2017/texmf-dist/tex/latex/graphics/color.sty
Package: color 2016/07/10 v1.1e Standard LaTeX Color (DPC)

(/usr/local/texlive/2017/texmf-dist/tex/latex/graphics-cfg/color.cfg
File: color.cfg 2016/01/02 v1.6 sample color configuration
)
Package color Info: Driver file: pdftex.def on input line 147.
)
Package hyperref Info: Link coloring ON on input line 22.

(/usr/local/texlive/2017/texmf-dist/tex/latex/hyperref/nameref.sty
Package: nameref 2016/05/21 v2.44 Cross-referencing by name of section

(/usr/local/texlive/2017/texmf-dist/tex/generic/oberdiek/gettitlestring.sty
Package: gettitlestring 2016/05/16 v1.5 Cleanup title references (HO)
)
\c@section@level=\count107
)
LaTeX Info: Redefining \ref on input line 22.
LaTeX Info: Redefining \pageref on input line 22.
LaTeX Info: Redefining \nameref on input line 22.

(./data_check.out) (./data_check.out)
\@outlinefile=\write3
\openout3 = `data_check.out'.


*geometry* driver: auto-detecting
*geometry* detected driver: pdftex
*geometry* verbose mode - [ preamble ] result:
* driver: pdftex
* paper: letterpaper
* layout: <same size as paper>
* layoutoffset:(h,v)=(0.0pt,0.0pt)
* modes: 
* h-part:(L,W,R)=(72.26999pt, 469.75502pt, 72.26999pt)
* v-part:(T,H,B)=(72.26999pt, 650.43001pt, 72.26999pt)
* \paperwidth=614.295pt
* \paperheight=794.96999pt
* \textwidth=469.75502pt
* \textheight=650.43001pt
* \oddsidemargin=0.0pt
* \evensidemargin=0.0pt
* \topmargin=-37.0pt
* \headheight=12.0pt
* \headsep=25.0pt
* \topskip=10.0pt
* \footskip=30.0pt
* \marginparwidth=65.0pt
* \marginparsep=11.0pt
* \columnsep=10.0pt
* \skip\footins=9.0pt plus 4.0pt minus 2.0pt
* \hoffset=0.0pt
* \voffset=0.0pt
* \mag=1000
* \@twocolumnfalse
* \@twosidefalse
* \@mparswitchfalse
* \@reversemarginfalse
* (1in=72.27pt=25.4mm, 1cm=28.453pt)

LaTeX Font Info:    External font `cmex10' loaded for size
(Font)              <12> on input line 34.
LaTeX Font Info:    External font `cmex10' loaded for size
(Font)              <8> on input line 34.
LaTeX Font Info:    External font `cmex10' loaded for size
(Font)              <6> on input line 34.

Overfull \hbox (55.2404pt too wide) in paragraph at lines 1631--1631
[]          \OT1/cmtt/m/n/10 --------------------------------------------------
----------------------------------------[] 
 []


Overfull \hbox (55.2404pt too wide) in paragraph at lines 1631--1631
[]          \OT1/cmtt/m/n/10 disease                                           
                                 Disease[] 
 []


Overfull \hbox (55.2404pt too wide) in paragraph at lines 1631--1631
[]          \OT1/cmtt/m/n/10 --------------------------------------------------
----------------------------------------[] 
 []


Overfull \hbox (55.2404pt too wide) in paragraph at lines 1631--1631
[]          \OT1/cmtt/m/n/10 --------------------------------------------------
----------------------------------------[] 
 []


Overfull \hbox (55.2404pt too wide) in paragraph at lines 1631--1631
[]          \OT1/cmtt/m/n/10 collapsed                                         
                               Collapsed[] 
 []


Overfull \hbox (55.2404pt too wide) in paragraph at lines 1631--1631
[]          \OT1/cmtt/m/n/10 --------------------------------------------------
----------------------------------------[] 
 []


Overfull \hbox (55.2404pt too wide) in paragraph at lines 1631--1631
[]          \OT1/cmtt/m/n/10 --------------------------------------------------
----------------------------------------[] 
 []


Overfull \hbox (55.2404pt too wide) in paragraph at lines 1631--1631
[]          \OT1/cmtt/m/n/10 lead_author                                       
                             Lead Author[] 
 []


Overfull \hbox (55.2404pt too wide) in paragraph at lines 1631--1631
[]          \OT1/cmtt/m/n/10 --------------------------------------------------
----------------------------------------[] 
 []

[1

{/usr/local/texlive/2017/texmf-var/fonts/map/pdftex/updmap/pdftex.map}]
Overfull \hbox (55.2404pt too wide) in paragraph at lines 1631--1631
[]          \OT1/cmtt/m/n/10 --------------------------------------------------
----------------------------------------[] 
 []


Overfull \hbox (55.2404pt too wide) in paragraph at lines 1631--1631
[]          \OT1/cmtt/m/n/10 ref_year                                          
                          Reference Year[] 
 []


Overfull \hbox (55.2404pt too wide) in paragraph at lines 1631--1631
[]          \OT1/cmtt/m/n/10 --------------------------------------------------
----------------------------------------[] 
 []


Overfull \hbox (55.2404pt too wide) in paragraph at lines 1631--1631
[]          \OT1/cmtt/m/n/10 --------------------------------------------------
----------------------------------------[] 
 []


Overfull \hbox (55.2404pt too wide) in paragraph at lines 1631--1631
[]          \OT1/cmtt/m/n/10 output_unit2                                      
                             Output unit[] 
 []


Overfull \hbox (55.2404pt too wide) in paragraph at lines 1631--1631
[]          \OT1/cmtt/m/n/10 --------------------------------------------------
----------------------------------------[] 
 []


Overfull \hbox (55.2404pt too wide) in paragraph at lines 1631--1631
[]          \OT1/cmtt/m/n/10 --------------------------------------------------
----------------------------------------[] 
 []


Overfull \hbox (55.2404pt too wide) in paragraph at lines 1631--1631
[]          \OT1/cmtt/m/n/10 title                                             
                                   Title[] 
 []


Overfull \hbox (55.2404pt too wide) in paragraph at lines 1631--1631
[]          \OT1/cmtt/m/n/10 --------------------------------------------------
----------------------------------------[] 
 []


Overfull \hbox (55.2404pt too wide) in paragraph at lines 1631--1631
[]          \OT1/cmtt/m/n/10 --------------------------------------------------
----------------------------------------[] 
 []


Overfull \hbox (55.2404pt too wide) in paragraph at lines 1631--1631
[]          \OT1/cmtt/m/n/10 journal_etc                                       
                                 Journal[] 
 []


Overfull \hbox (55.2404pt too wide) in paragraph at lines 1631--1631
[]          \OT1/cmtt/m/n/10 --------------------------------------------------
----------------------------------------[] 
 []

[2]
Overfull \hbox (55.2404pt too wide) in paragraph at lines 1631--1631
[]          \OT1/cmtt/m/n/10 --------------------------------------------------
----------------------------------------[] 
 []


Overfull \hbox (55.2404pt too wide) in paragraph at lines 1631--1631
[]          \OT1/cmtt/m/n/10 url                                               
                                     URL[] 
 []


Overfull \hbox (55.2404pt too wide) in paragraph at lines 1631--1631
[]          \OT1/cmtt/m/n/10 --------------------------------------------------
----------------------------------------[] 
 []


Overfull \hbox (55.2404pt too wide) in paragraph at lines 1631--1631
[]          \OT1/cmtt/m/n/10 --------------------------------------------------
----------------------------------------[] 
 []


Overfull \hbox (55.2404pt too wide) in paragraph at lines 1631--1631
[]          \OT1/cmtt/m/n/10 iso_name                                          
                                 Country[] 
 []


Overfull \hbox (55.2404pt too wide) in paragraph at lines 1631--1631
[]          \OT1/cmtt/m/n/10 --------------------------------------------------
----------------------------------------[] 
 []

Missing character: There is no Â in font cmtt10!
Missing character: There is no   in font cmtt10!

Overfull \hbox (55.2404pt too wide) in paragraph at lines 1631--1631
[]          \OT1/cmtt/m/n/10 --------------------------------------------------
----------------------------------------[] 
 []


Overfull \hbox (55.2404pt too wide) in paragraph at lines 1631--1631
[]          \OT1/cmtt/m/n/10 location                                          
                                Location[] 
 []


Overfull \hbox (55.2404pt too wide) in paragraph at lines 1631--1631
[]          \OT1/cmtt/m/n/10 --------------------------------------------------
----------------------------------------[] 
 []


Overfull \hbox (55.2404pt too wide) in paragraph at lines 1631--1631
[]          \OT1/cmtt/m/n/10 --------------------------------------------------
----------------------------------------[] 
 []


Overfull \hbox (55.2404pt too wide) in paragraph at lines 1631--1631
[]          \OT1/cmtt/m/n/10 no_sites                                          
                                   Sites[] 
 []


Overfull \hbox (55.2404pt too wide) in paragraph at lines 1631--1631
[]          \OT1/cmtt/m/n/10 --------------------------------------------------
----------------------------------------[] 
 []

[3]
Overfull \hbox (55.2404pt too wide) in paragraph at lines 1631--1631
[]          \OT1/cmtt/m/n/10 --------------------------------------------------
----------------------------------------[] 
 []


Overfull \hbox (55.2404pt too wide) in paragraph at lines 1631--1631
[]          \OT1/cmtt/m/n/10 pop_density                                       
                              Urbanicity[] 
 []


Overfull \hbox (55.2404pt too wide) in paragraph at lines 1631--1631
[]          \OT1/cmtt/m/n/10 --------------------------------------------------
----------------------------------------[] 
 []


Overfull \hbox (55.2404pt too wide) in paragraph at lines 1631--1631
[]          \OT1/cmtt/m/n/10 --------------------------------------------------
----------------------------------------[] 
 []


Overfull \hbox (55.2404pt too wide) in paragraph at lines 1631--1631
[]          \OT1/cmtt/m/n/10 ownership                                         
                               Ownership[] 
 []


Overfull \hbox (55.2404pt too wide) in paragraph at lines 1631--1631
[]          \OT1/cmtt/m/n/10 --------------------------------------------------
----------------------------------------[] 
 []


Overfull \hbox (55.2404pt too wide) in paragraph at lines 1631--1631
[]          \OT1/cmtt/m/n/10 --------------------------------------------------
----------------------------------------[] 
 []


Overfull \hbox (55.2404pt too wide) in paragraph at lines 1631--1631
[]          \OT1/cmtt/m/n/10 platform                                          
                                Platform[] 
 []


Overfull \hbox (55.2404pt too wide) in paragraph at lines 1631--1631
[]          \OT1/cmtt/m/n/10 --------------------------------------------------
----------------------------------------[] 
 []


Overfull \hbox (55.2404pt too wide) in paragraph at lines 1631--1631
[]          \OT1/cmtt/m/n/10 --------------------------------------------------
----------------------------------------[] 
 []


Overfull \hbox (55.2404pt too wide) in paragraph at lines 1631--1631
[]          \OT1/cmtt/m/n/10 facility_cat                                      
                    Platform specificity[] 
 []


Overfull \hbox (55.2404pt too wide) in paragraph at lines 1631--1631
[]          \OT1/cmtt/m/n/10 --------------------------------------------------
----------------------------------------[] 
 []

[4]
Overfull \hbox (55.2404pt too wide) in paragraph at lines 1631--1631
[]          \OT1/cmtt/m/n/10 --------------------------------------------------
----------------------------------------[] 
 []


Overfull \hbox (55.2404pt too wide) in paragraph at lines 1631--1631
[]          \OT1/cmtt/m/n/10 id_class                                          
                   Intervention Category[] 
 []


Overfull \hbox (55.2404pt too wide) in paragraph at lines 1631--1631
[]          \OT1/cmtt/m/n/10 --------------------------------------------------
----------------------------------------[] 
 []


Overfull \hbox (55.2404pt too wide) in paragraph at lines 1631--1631
[]          \OT1/cmtt/m/n/10 --------------------------------------------------
----------------------------------------[] 
 []


Overfull \hbox (55.2404pt too wide) in paragraph at lines 1631--1631
[]          \OT1/cmtt/m/n/10 id_int                                            
                            Intervention[] 
 []


Overfull \hbox (55.2404pt too wide) in paragraph at lines 1631--1631
[]          \OT1/cmtt/m/n/10 --------------------------------------------------
----------------------------------------[] 
 []


Overfull \hbox (55.2404pt too wide) in paragraph at lines 1631--1631
[]          \OT1/cmtt/m/n/10 --------------------------------------------------
----------------------------------------[] 
 []


Overfull \hbox (55.2404pt too wide) in paragraph at lines 1631--1631
[]          \OT1/cmtt/m/n/10 int_description_long                              
         Intervention Description (Long)[] 
 []


Overfull \hbox (55.2404pt too wide) in paragraph at lines 1631--1631
[]          \OT1/cmtt/m/n/10 --------------------------------------------------
----------------------------------------[] 
 []

[5]
Overfull \hbox (55.2404pt too wide) in paragraph at lines 1631--1631
[]          \OT1/cmtt/m/n/10 --------------------------------------------------
----------------------------------------[] 
 []


Overfull \hbox (55.2404pt too wide) in paragraph at lines 1631--1631
[]          \OT1/cmtt/m/n/10 clinical_monitoring                               
                     Clinical monitoring[] 
 []


Overfull \hbox (55.2404pt too wide) in paragraph at lines 1631--1631
[]          \OT1/cmtt/m/n/10 --------------------------------------------------
----------------------------------------[] 
 []


Overfull \hbox (55.2404pt too wide) in paragraph at lines 1631--1631
[]          \OT1/cmtt/m/n/10 --------------------------------------------------
----------------------------------------[] 
 []


Overfull \hbox (55.2404pt too wide) in paragraph at lines 1631--1631
[]          \OT1/cmtt/m/n/10 demand_generation                                 
                       Demand generation[] 
 []


Overfull \hbox (55.2404pt too wide) in paragraph at lines 1631--1631
[]          \OT1/cmtt/m/n/10 --------------------------------------------------
----------------------------------------[] 
 []


Overfull \hbox (55.2404pt too wide) in paragraph at lines 1631--1631
[]          \OT1/cmtt/m/n/10 --------------------------------------------------
----------------------------------------[] 
 []


Overfull \hbox (55.2404pt too wide) in paragraph at lines 1631--1631
[]          \OT1/cmtt/m/n/10 counseling_content                                
                      Counseling content[] 
 []


Overfull \hbox (55.2404pt too wide) in paragraph at lines 1631--1631
[]          \OT1/cmtt/m/n/10 --------------------------------------------------
----------------------------------------[] 
 []


Overfull \hbox (55.2404pt too wide) in paragraph at lines 1631--1631
[]          \OT1/cmtt/m/n/10 --------------------------------------------------
----------------------------------------[] 
 []


Overfull \hbox (55.2404pt too wide) in paragraph at lines 1631--1631
[]          \OT1/cmtt/m/n/10 staff_type                                        
                     Staff type & number[] 
 []


Overfull \hbox (55.2404pt too wide) in paragraph at lines 1631--1631
[]          \OT1/cmtt/m/n/10 --------------------------------------------------
----------------------------------------[] 
 []

[6]
Overfull \hbox (55.2404pt too wide) in paragraph at lines 1631--1631
[]          \OT1/cmtt/m/n/10 --------------------------------------------------
----------------------------------------[] 
 []


Overfull \hbox (55.2404pt too wide) in paragraph at lines 1631--1631
[]          \OT1/cmtt/m/n/10 supportive_care                                   
                         Supportive care[] 
 []


Overfull \hbox (55.2404pt too wide) in paragraph at lines 1631--1631
[]          \OT1/cmtt/m/n/10 --------------------------------------------------
----------------------------------------[] 
 []


Overfull \hbox (55.2404pt too wide) in paragraph at lines 1631--1631
[]          \OT1/cmtt/m/n/10 --------------------------------------------------
----------------------------------------[] 
 []


Overfull \hbox (55.2404pt too wide) in paragraph at lines 1631--1631
[]          \OT1/cmtt/m/n/10 visits                                            
                     Visit type & number[] 
 []


Overfull \hbox (55.2404pt too wide) in paragraph at lines 1631--1631
[]          \OT1/cmtt/m/n/10 --------------------------------------------------
----------------------------------------[] 
 []


Overfull \hbox (55.2404pt too wide) in paragraph at lines 1631--1631
[]          \OT1/cmtt/m/n/10 --------------------------------------------------
----------------------------------------[] 
 []


Overfull \hbox (55.2404pt too wide) in paragraph at lines 1631--1631
[]          \OT1/cmtt/m/n/10 referrals                                         
                               Referrals[] 
 []


Overfull \hbox (55.2404pt too wide) in paragraph at lines 1631--1631
[]          \OT1/cmtt/m/n/10 --------------------------------------------------
----------------------------------------[] 
 []


Overfull \hbox (55.2404pt too wide) in paragraph at lines 1631--1631
[]          \OT1/cmtt/m/n/10 --------------------------------------------------
----------------------------------------[] 
 []


Overfull \hbox (55.2404pt too wide) in paragraph at lines 1631--1631
[]          \OT1/cmtt/m/n/10 method                                            
                                  Method[] 
 []


Overfull \hbox (55.2404pt too wide) in paragraph at lines 1631--1631
[]          \OT1/cmtt/m/n/10 --------------------------------------------------
----------------------------------------[] 
 []

[7]
Overfull \hbox (55.2404pt too wide) in paragraph at lines 1631--1631
[]          \OT1/cmtt/m/n/10 --------------------------------------------------
----------------------------------------[] 
 []


Overfull \hbox (55.2404pt too wide) in paragraph at lines 1631--1631
[]          \OT1/cmtt/m/n/10 id_tech                                           
                              Technology[] 
 []


Overfull \hbox (55.2404pt too wide) in paragraph at lines 1631--1631
[]          \OT1/cmtt/m/n/10 --------------------------------------------------
----------------------------------------[] 
 []


Overfull \hbox (55.2404pt too wide) in paragraph at lines 1631--1631
[]          \OT1/cmtt/m/n/10 --------------------------------------------------
----------------------------------------[] 
 []


Overfull \hbox (55.2404pt too wide) in paragraph at lines 1631--1631
[]          \OT1/cmtt/m/n/10 treatment_phase                                   
                         Treatment phase[] 
 []


Overfull \hbox (55.2404pt too wide) in paragraph at lines 1631--1631
[]          \OT1/cmtt/m/n/10 --------------------------------------------------
----------------------------------------[] 
 []


Overfull \hbox (55.2404pt too wide) in paragraph at lines 1631--1631
[]          \OT1/cmtt/m/n/10 --------------------------------------------------
----------------------------------------[] 
 []


Overfull \hbox (55.2404pt too wide) in paragraph at lines 1631--1631
[]          \OT1/cmtt/m/n/10 arv_regimen                                       
                             ARV Regimen[] 
 []


Overfull \hbox (55.2404pt too wide) in paragraph at lines 1631--1631
[]          \OT1/cmtt/m/n/10 --------------------------------------------------
----------------------------------------[] 
 []


Overfull \hbox (55.2404pt too wide) in paragraph at lines 1631--1631
[]          \OT1/cmtt/m/n/10 --------------------------------------------------
----------------------------------------[] 
 []


Overfull \hbox (55.2404pt too wide) in paragraph at lines 1631--1631
[]          \OT1/cmtt/m/n/10 treatment                                         
                               Treatment[] 
 []


Overfull \hbox (55.2404pt too wide) in paragraph at lines 1631--1631
[]          \OT1/cmtt/m/n/10 --------------------------------------------------
----------------------------------------[] 
 []

[8]
Overfull \hbox (55.2404pt too wide) in paragraph at lines 1631--1631
[]          \OT1/cmtt/m/n/10 --------------------------------------------------
----------------------------------------[] 
 []


Overfull \hbox (55.2404pt too wide) in paragraph at lines 1631--1631
[]          \OT1/cmtt/m/n/10 screening_diagnoses                               
                 Screening and diagnosis[] 
 []


Overfull \hbox (55.2404pt too wide) in paragraph at lines 1631--1631
[]          \OT1/cmtt/m/n/10 --------------------------------------------------
----------------------------------------[] 
 []


Overfull \hbox (55.2404pt too wide) in paragraph at lines 1631--1631
[]          \OT1/cmtt/m/n/10 --------------------------------------------------
----------------------------------------[] 
 []


Overfull \hbox (55.2404pt too wide) in paragraph at lines 1631--1631
[]          \OT1/cmtt/m/n/10 community_awareness                               
                     Community awareness[] 
 []


Overfull \hbox (55.2404pt too wide) in paragraph at lines 1631--1631
[]          \OT1/cmtt/m/n/10 --------------------------------------------------
----------------------------------------[] 
 []


Overfull \hbox (55.2404pt too wide) in paragraph at lines 1631--1631
[]          \OT1/cmtt/m/n/10 --------------------------------------------------
----------------------------------------[] 
 []


Overfull \hbox (55.2404pt too wide) in paragraph at lines 1631--1631
[]          \OT1/cmtt/m/n/10 health_system                                     
                           Health system[] 
 []


Overfull \hbox (55.2404pt too wide) in paragraph at lines 1631--1631
[]          \OT1/cmtt/m/n/10 --------------------------------------------------
----------------------------------------[] 
 []


Overfull \hbox (55.2404pt too wide) in paragraph at lines 1631--1631
[]          \OT1/cmtt/m/n/10 --------------------------------------------------
----------------------------------------[] 
 []


Overfull \hbox (55.2404pt too wide) in paragraph at lines 1631--1631
[]          \OT1/cmtt/m/n/10 id_activities                                     
                       Costed activities[] 
 []


Overfull \hbox (55.2404pt too wide) in paragraph at lines 1631--1631
[]          \OT1/cmtt/m/n/10 --------------------------------------------------
----------------------------------------[] 
 []

[9]
Overfull \hbox (55.2404pt too wide) in paragraph at lines 1631--1631
[]          \OT1/cmtt/m/n/10 --------------------------------------------------
----------------------------------------[] 
 []


Overfull \hbox (55.2404pt too wide) in paragraph at lines 1631--1631
[]          \OT1/cmtt/m/n/10 start_month                                       
                             Start Month[] 
 []


Overfull \hbox (55.2404pt too wide) in paragraph at lines 1631--1631
[]          \OT1/cmtt/m/n/10 --------------------------------------------------
----------------------------------------[] 
 []


Overfull \hbox (55.2404pt too wide) in paragraph at lines 1631--1631
[]          \OT1/cmtt/m/n/10 --------------------------------------------------
----------------------------------------[] 
 []


Overfull \hbox (55.2404pt too wide) in paragraph at lines 1631--1631
[]          \OT1/cmtt/m/n/10 start_year                                        
                              Start Year[] 
 []


Overfull \hbox (55.2404pt too wide) in paragraph at lines 1631--1631
[]          \OT1/cmtt/m/n/10 --------------------------------------------------
----------------------------------------[] 
 []


Overfull \hbox (55.2404pt too wide) in paragraph at lines 1631--1631
[]          \OT1/cmtt/m/n/10 --------------------------------------------------
----------------------------------------[] 
 []


Overfull \hbox (55.2404pt too wide) in paragraph at lines 1631--1631
[]          \OT1/cmtt/m/n/10 end_month                                         
                               End Month[] 
 []


Overfull \hbox (55.2404pt too wide) in paragraph at lines 1631--1631
[]          \OT1/cmtt/m/n/10 --------------------------------------------------
----------------------------------------[] 
 []


Overfull \hbox (55.2404pt too wide) in paragraph at lines 1631--1631
[]          \OT1/cmtt/m/n/10 --------------------------------------------------
----------------------------------------[] 
 []


Overfull \hbox (55.2404pt too wide) in paragraph at lines 1631--1631
[]          \OT1/cmtt/m/n/10 end_year                                          
                                End Year[] 
 []


Overfull \hbox (55.2404pt too wide) in paragraph at lines 1631--1631
[]          \OT1/cmtt/m/n/10 --------------------------------------------------
----------------------------------------[] 
 []

[10]
Overfull \hbox (55.2404pt too wide) in paragraph at lines 1631--1631
[]          \OT1/cmtt/m/n/10 --------------------------------------------------
----------------------------------------[] 
 []


Overfull \hbox (55.2404pt too wide) in paragraph at lines 1631--1631
[]          \OT1/cmtt/m/n/10 period_portrayed                                  
                            Total Months[] 
 []


Overfull \hbox (55.2404pt too wide) in paragraph at lines 1631--1631
[]          \OT1/cmtt/m/n/10 --------------------------------------------------
----------------------------------------[] 
 []


Overfull \hbox (55.2404pt too wide) in paragraph at lines 1631--1631
[]          \OT1/cmtt/m/n/10 --------------------------------------------------
----------------------------------------[] 
 []


Overfull \hbox (55.2404pt too wide) in paragraph at lines 1631--1631
[]          \OT1/cmtt/m/n/10 year_intro                                        
           Year introduced at study site[] 
 []


Overfull \hbox (55.2404pt too wide) in paragraph at lines 1631--1631
[]          \OT1/cmtt/m/n/10 --------------------------------------------------
----------------------------------------[] 
 []


Overfull \hbox (55.2404pt too wide) in paragraph at lines 1631--1631
[]          \OT1/cmtt/m/n/10 --------------------------------------------------
----------------------------------------[] 
 []


Overfull \hbox (55.2404pt too wide) in paragraph at lines 1631--1631
[]          \OT1/cmtt/m/n/10 coverage                                          
                                Coverage[] 
 []


Overfull \hbox (55.2404pt too wide) in paragraph at lines 1631--1631
[]          \OT1/cmtt/m/n/10 --------------------------------------------------
----------------------------------------[] 
 []


Overfull \hbox (55.2404pt too wide) in paragraph at lines 1631--1631
[]          \OT1/cmtt/m/n/10 --------------------------------------------------
----------------------------------------[] 
 []


Overfull \hbox (55.2404pt too wide) in paragraph at lines 1631--1631
[]          \OT1/cmtt/m/n/10 id_pop_dem_std                                    
              Target group (demographic)[] 
 []


Overfull \hbox (55.2404pt too wide) in paragraph at lines 1631--1631
[]          \OT1/cmtt/m/n/10 --------------------------------------------------
----------------------------------------[] 
 []


Overfull \hbox (55.2404pt too wide) in paragraph at lines 1631--1631
[]          \OT1/cmtt/m/n/10 --------------------------------------------------
----------------------------------------[] 
 []


Overfull \hbox (55.2404pt too wide) in paragraph at lines 1631--1631
[]          \OT1/cmtt/m/n/10 id_pop_clin_std                                   
                 Target group (clinical)[] 
 []


Overfull \hbox (55.2404pt too wide) in paragraph at lines 1631--1631
[]          \OT1/cmtt/m/n/10 --------------------------------------------------
----------------------------------------[] 
 []

[11]
Overfull \hbox (55.2404pt too wide) in paragraph at lines 1631--1631
[]          \OT1/cmtt/m/n/10 --------------------------------------------------
----------------------------------------[] 
 []


Overfull \hbox (55.2404pt too wide) in paragraph at lines 1631--1631
[]          \OT1/cmtt/m/n/10 pop_age                                           
                             Average Age[] 
 []


Overfull \hbox (55.2404pt too wide) in paragraph at lines 1631--1631
[]          \OT1/cmtt/m/n/10 --------------------------------------------------
----------------------------------------[] 
 []


Overfull \hbox (55.2404pt too wide) in paragraph at lines 1631--1631
[]          \OT1/cmtt/m/n/10 --------------------------------------------------
----------------------------------------[] 
 []


Overfull \hbox (55.2404pt too wide) in paragraph at lines 1631--1631
[]          \OT1/cmtt/m/n/10 pop_sex                                           
                                  Gender[] 
 []


Overfull \hbox (55.2404pt too wide) in paragraph at lines 1631--1631
[]          \OT1/cmtt/m/n/10 --------------------------------------------------
----------------------------------------[] 
 []


Overfull \hbox (55.2404pt too wide) in paragraph at lines 1631--1631
[]          \OT1/cmtt/m/n/10 --------------------------------------------------
----------------------------------------[] 
 []


Overfull \hbox (55.2404pt too wide) in paragraph at lines 1631--1631
[]          \OT1/cmtt/m/n/10 pop_ses                                           
                                     SES[] 
 []


Overfull \hbox (55.2404pt too wide) in paragraph at lines 1631--1631
[]          \OT1/cmtt/m/n/10 --------------------------------------------------
----------------------------------------[] 
 []


Overfull \hbox (55.2404pt too wide) in paragraph at lines 1631--1631
[]          \OT1/cmtt/m/n/10 --------------------------------------------------
----------------------------------------[] 
 []


Overfull \hbox (55.2404pt too wide) in paragraph at lines 1631--1631
[]          \OT1/cmtt/m/n/10 pop_education                                     
                               Education[] 
 []


Overfull \hbox (55.2404pt too wide) in paragraph at lines 1631--1631
[]          \OT1/cmtt/m/n/10 --------------------------------------------------
----------------------------------------[] 
 []

[12]
Overfull \hbox (55.2404pt too wide) in paragraph at lines 1631--1631
[]          \OT1/cmtt/m/n/10 --------------------------------------------------
----------------------------------------[] 
 []


Overfull \hbox (55.2404pt too wide) in paragraph at lines 1631--1631
[]          \OT1/cmtt/m/n/10 hiv_prev                                          
                          HIV Prevalence[] 
 []


Overfull \hbox (55.2404pt too wide) in paragraph at lines 1631--1631
[]          \OT1/cmtt/m/n/10 --------------------------------------------------
----------------------------------------[] 
 []


Overfull \hbox (55.2404pt too wide) in paragraph at lines 1631--1631
[]          \OT1/cmtt/m/n/10 --------------------------------------------------
----------------------------------------[] 
 []


Overfull \hbox (55.2404pt too wide) in paragraph at lines 1631--1631
[]          \OT1/cmtt/m/n/10 tb_prev                                           
                           TB Prevalence[] 
 []


Overfull \hbox (55.2404pt too wide) in paragraph at lines 1631--1631
[]          \OT1/cmtt/m/n/10 --------------------------------------------------
----------------------------------------[] 
 []


Overfull \hbox (55.2404pt too wide) in paragraph at lines 1631--1631
[]          \OT1/cmtt/m/n/10 --------------------------------------------------
----------------------------------------[] 
 []


Overfull \hbox (55.2404pt too wide) in paragraph at lines 1631--1631
[]          \OT1/cmtt/m/n/10 tb_rx_resistance                                  
                      TB Drug Resistance[] 
 []


Overfull \hbox (55.2404pt too wide) in paragraph at lines 1631--1631
[]          \OT1/cmtt/m/n/10 --------------------------------------------------
----------------------------------------[] 
 []


Overfull \hbox (55.2404pt too wide) in paragraph at lines 1631--1631
[]          \OT1/cmtt/m/n/10 --------------------------------------------------
----------------------------------------[] 
 []


Overfull \hbox (55.2404pt too wide) in paragraph at lines 1631--1631
[]          \OT1/cmtt/m/n/10 costing_purpose                                   
                         Costing Purpose[] 
 []


Overfull \hbox (55.2404pt too wide) in paragraph at lines 1631--1631
[]          \OT1/cmtt/m/n/10 --------------------------------------------------
----------------------------------------[] 
 []

[13]
Overfull \hbox (55.2404pt too wide) in paragraph at lines 1631--1631
[]          \OT1/cmtt/m/n/10 --------------------------------------------------
----------------------------------------[] 
 []


Overfull \hbox (55.2404pt too wide) in paragraph at lines 1631--1631
[]          \OT1/cmtt/m/n/10 timing                                            
                                  Timing[] 
 []


Overfull \hbox (55.2404pt too wide) in paragraph at lines 1631--1631
[]          \OT1/cmtt/m/n/10 --------------------------------------------------
----------------------------------------[] 
 []


Overfull \hbox (55.2404pt too wide) in paragraph at lines 1631--1631
[]          \OT1/cmtt/m/n/10 --------------------------------------------------
----------------------------------------[] 
 []


Overfull \hbox (55.2404pt too wide) in paragraph at lines 1631--1631
[]          \OT1/cmtt/m/n/10 country_sampling                                  
                        Country Sampling[] 
 []


Overfull \hbox (55.2404pt too wide) in paragraph at lines 1631--1631
[]          \OT1/cmtt/m/n/10 --------------------------------------------------
----------------------------------------[] 
 []


Overfull \hbox (55.2404pt too wide) in paragraph at lines 1631--1631
[]          \OT1/cmtt/m/n/10 --------------------------------------------------
----------------------------------------[] 
 []


Overfull \hbox (55.2404pt too wide) in paragraph at lines 1631--1631
[]          \OT1/cmtt/m/n/10 geo_sampling_incountry                            
     Geographic Area In Country Sampling[] 
 []


Overfull \hbox (55.2404pt too wide) in paragraph at lines 1631--1631
[]          \OT1/cmtt/m/n/10 --------------------------------------------------
----------------------------------------[] 
 []


Overfull \hbox (55.2404pt too wide) in paragraph at lines 1631--1631
[]          \OT1/cmtt/m/n/10 --------------------------------------------------
----------------------------------------[] 
 []


Overfull \hbox (55.2404pt too wide) in paragraph at lines 1631--1631
[]          \OT1/cmtt/m/n/10 site_sampling                                     
                           Site Sampling[] 
 []


Overfull \hbox (55.2404pt too wide) in paragraph at lines 1631--1631
[]          \OT1/cmtt/m/n/10 --------------------------------------------------
----------------------------------------[] 
 []

[14]
Overfull \hbox (55.2404pt too wide) in paragraph at lines 1631--1631
[]          \OT1/cmtt/m/n/10 --------------------------------------------------
----------------------------------------[] 
 []


Overfull \hbox (55.2404pt too wide) in paragraph at lines 1631--1631
[]          \OT1/cmtt/m/n/10 px_sampling                                       
                        Patient Sampling[] 
 []


Overfull \hbox (55.2404pt too wide) in paragraph at lines 1631--1631
[]          \OT1/cmtt/m/n/10 --------------------------------------------------
----------------------------------------[] 
 []


Overfull \hbox (55.2404pt too wide) in paragraph at lines 1631--1631
[]          \OT1/cmtt/m/n/10 --------------------------------------------------
----------------------------------------[] 
 []


Overfull \hbox (55.2404pt too wide) in paragraph at lines 1631--1631
[]          \OT1/cmtt/m/n/10 sample_size_derived                               
            Sample size formally derived[] 
 []


Overfull \hbox (55.2404pt too wide) in paragraph at lines 1631--1631
[]          \OT1/cmtt/m/n/10 --------------------------------------------------
----------------------------------------[] 
 []


Overfull \hbox (55.2404pt too wide) in paragraph at lines 1631--1631
[]          \OT1/cmtt/m/n/10 --------------------------------------------------
----------------------------------------[] 
 []


Overfull \hbox (55.2404pt too wide) in paragraph at lines 1631--1631
[]          \OT1/cmtt/m/n/10 controls                                          
                                Controls[] 
 []


Overfull \hbox (55.2404pt too wide) in paragraph at lines 1631--1631
[]          \OT1/cmtt/m/n/10 --------------------------------------------------
----------------------------------------[] 
 []


Overfull \hbox (55.2404pt too wide) in paragraph at lines 1631--1631
[]          \OT1/cmtt/m/n/10 --------------------------------------------------
----------------------------------------[] 
 []


Overfull \hbox (55.2404pt too wide) in paragraph at lines 1631--1631
[]          \OT1/cmtt/m/n/10 econ_perspective_actual                           
                             Perspective[] 
 []


Overfull \hbox (55.2404pt too wide) in paragraph at lines 1631--1631
[]          \OT1/cmtt/m/n/10 --------------------------------------------------
----------------------------------------[] 
 []

[15]
Overfull \hbox (55.2404pt too wide) in paragraph at lines 1631--1631
[]          \OT1/cmtt/m/n/10 --------------------------------------------------
----------------------------------------[] 
 []


Overfull \hbox (55.2404pt too wide) in paragraph at lines 1631--1631
[]          \OT1/cmtt/m/n/10 econ_costing                                      
                    Economic / Financial[] 
 []


Overfull \hbox (55.2404pt too wide) in paragraph at lines 1631--1631
[]          \OT1/cmtt/m/n/10 --------------------------------------------------
----------------------------------------[] 
 []


Overfull \hbox (55.2404pt too wide) in paragraph at lines 1631--1631
[]          \OT1/cmtt/m/n/10 --------------------------------------------------
----------------------------------------[] 
 []


Overfull \hbox (55.2404pt too wide) in paragraph at lines 1631--1631
[]          \OT1/cmtt/m/n/10 real_world                                        
               Real World / Per Protocol[] 
 []


Overfull \hbox (55.2404pt too wide) in paragraph at lines 1631--1631
[]          \OT1/cmtt/m/n/10 --------------------------------------------------
----------------------------------------[] 
 []


Overfull \hbox (55.2404pt too wide) in paragraph at lines 1631--1631
[]          \OT1/cmtt/m/n/10 --------------------------------------------------
----------------------------------------[] 
 []


Overfull \hbox (55.2404pt too wide) in paragraph at lines 1631--1631
[]          \OT1/cmtt/m/n/10 asd_costs                                         
            Above Service Costs Included[] 
 []


Overfull \hbox (55.2404pt too wide) in paragraph at lines 1631--1631
[]          \OT1/cmtt/m/n/10 --------------------------------------------------
----------------------------------------[] 
 []


Overfull \hbox (55.2404pt too wide) in paragraph at lines 1631--1631
[]          \OT1/cmtt/m/n/10 --------------------------------------------------
----------------------------------------[] 
 []


Overfull \hbox (55.2404pt too wide) in paragraph at lines 1631--1631
[]          \OT1/cmtt/m/n/10 list_asd_costs                                    
                 Above Service Cost List[] 
 []


Overfull \hbox (55.2404pt too wide) in paragraph at lines 1631--1631
[]          \OT1/cmtt/m/n/10 --------------------------------------------------
----------------------------------------[] 
 []

[16]
Overfull \hbox (55.2404pt too wide) in paragraph at lines 1631--1631
[]          \OT1/cmtt/m/n/10 --------------------------------------------------
----------------------------------------[] 
 []


Overfull \hbox (55.2404pt too wide) in paragraph at lines 1631--1631
[]          \OT1/cmtt/m/n/10 omitted_costs                                     
                           Omitted Costs[] 
 []


Overfull \hbox (55.2404pt too wide) in paragraph at lines 1631--1631
[]          \OT1/cmtt/m/n/10 --------------------------------------------------
----------------------------------------[] 
 []


Overfull \hbox (55.2404pt too wide) in paragraph at lines 1631--1631
[]          \OT1/cmtt/m/n/10 --------------------------------------------------
----------------------------------------[] 
 []


Overfull \hbox (55.2404pt too wide) in paragraph at lines 1631--1631
[]          \OT1/cmtt/m/n/10 sensitivity_analysis                              
                    Sensitivity Analysis[] 
 []


Overfull \hbox (55.2404pt too wide) in paragraph at lines 1631--1631
[]          \OT1/cmtt/m/n/10 --------------------------------------------------
----------------------------------------[] 
 []


Overfull \hbox (55.2404pt too wide) in paragraph at lines 1631--1631
[]          \OT1/cmtt/m/n/10 --------------------------------------------------
----------------------------------------[] 
 []


Overfull \hbox (55.2404pt too wide) in paragraph at lines 1631--1631
[]          \OT1/cmtt/m/n/10 scale                                             
                      Economies of scale[] 
 []


Overfull \hbox (55.2404pt too wide) in paragraph at lines 1631--1631
[]          \OT1/cmtt/m/n/10 --------------------------------------------------
----------------------------------------[] 
 []


Overfull \hbox (55.2404pt too wide) in paragraph at lines 1631--1631
[]          \OT1/cmtt/m/n/10 --------------------------------------------------
----------------------------------------[] 
 []


Overfull \hbox (55.2404pt too wide) in paragraph at lines 1631--1631
[]          \OT1/cmtt/m/n/10 research_costs                                    
                 Research Costs Included[] 
 []


Overfull \hbox (55.2404pt too wide) in paragraph at lines 1631--1631
[]          \OT1/cmtt/m/n/10 --------------------------------------------------
----------------------------------------[] 
 []

[17]
Overfull \hbox (55.2404pt too wide) in paragraph at lines 1631--1631
[]          \OT1/cmtt/m/n/10 --------------------------------------------------
----------------------------------------[] 
 []


Overfull \hbox (55.2404pt too wide) in paragraph at lines 1631--1631
[]          \OT1/cmtt/m/n/10 unrelated_costs                                   
                Unrelated Costs Included[] 
 []


Overfull \hbox (55.2404pt too wide) in paragraph at lines 1631--1631
[]          \OT1/cmtt/m/n/10 --------------------------------------------------
----------------------------------------[] 
 []


Overfull \hbox (55.2404pt too wide) in paragraph at lines 1631--1631
[]          \OT1/cmtt/m/n/10 --------------------------------------------------
----------------------------------------[] 
 []


Overfull \hbox (55.2404pt too wide) in paragraph at lines 1631--1631
[]          \OT1/cmtt/m/n/10 overhead                                          
                 Overhead Costs Included[] 
 []


Overfull \hbox (55.2404pt too wide) in paragraph at lines 1631--1631
[]          \OT1/cmtt/m/n/10 --------------------------------------------------
----------------------------------------[] 
 []


Overfull \hbox (55.2404pt too wide) in paragraph at lines 1631--1631
[]          \OT1/cmtt/m/n/10 --------------------------------------------------
----------------------------------------[] 
 []


Overfull \hbox (55.2404pt too wide) in paragraph at lines 1631--1631
[]          \OT1/cmtt/m/n/10 overhead_costs                                    
                     Overhead Costs List[] 
 []


Overfull \hbox (55.2404pt too wide) in paragraph at lines 1631--1631
[]          \OT1/cmtt/m/n/10 --------------------------------------------------
----------------------------------------[] 
 []


Overfull \hbox (55.2404pt too wide) in paragraph at lines 1631--1631
[]          \OT1/cmtt/m/n/10 --------------------------------------------------
----------------------------------------[] 
 []


Overfull \hbox (55.2404pt too wide) in paragraph at lines 1631--1631
[]          \OT1/cmtt/m/n/10 pot_distortions                                   
                   Potential distortions[] 
 []


Overfull \hbox (55.2404pt too wide) in paragraph at lines 1631--1631
[]          \OT1/cmtt/m/n/10 --------------------------------------------------
----------------------------------------[] 
 []

[18]
Overfull \hbox (55.2404pt too wide) in paragraph at lines 1631--1631
[]          \OT1/cmtt/m/n/10 --------------------------------------------------
----------------------------------------[] 
 []


Overfull \hbox (55.2404pt too wide) in paragraph at lines 1631--1631
[]          \OT1/cmtt/m/n/10 volunteer_time                                    
                  Valuing Volunteer Time[] 
 []


Overfull \hbox (55.2404pt too wide) in paragraph at lines 1631--1631
[]          \OT1/cmtt/m/n/10 --------------------------------------------------
----------------------------------------[] 
 []


Overfull \hbox (55.2404pt too wide) in paragraph at lines 1631--1631
[]          \OT1/cmtt/m/n/10 --------------------------------------------------
----------------------------------------[] 
 []


Overfull \hbox (55.2404pt too wide) in paragraph at lines 1631--1631
[]          \OT1/cmtt/m/n/10 family_time                                       
                     Valuing Family Time[] 
 []


Overfull \hbox (55.2404pt too wide) in paragraph at lines 1631--1631
[]          \OT1/cmtt/m/n/10 --------------------------------------------------
----------------------------------------[] 
 []


Overfull \hbox (55.2404pt too wide) in paragraph at lines 1631--1631
[]          \OT1/cmtt/m/n/10 --------------------------------------------------
----------------------------------------[] 
 []


Overfull \hbox (55.2404pt too wide) in paragraph at lines 1631--1631
[]          \OT1/cmtt/m/n/10 px_costs_measured                                 
         Patient-Incurred Costs Measured[] 
 []


Overfull \hbox (55.2404pt too wide) in paragraph at lines 1631--1631
[]          \OT1/cmtt/m/n/10 --------------------------------------------------
----------------------------------------[] 
 []


Overfull \hbox (55.2404pt too wide) in paragraph at lines 1631--1631
[]          \OT1/cmtt/m/n/10 --------------------------------------------------
----------------------------------------[] 
 []


Overfull \hbox (55.2404pt too wide) in paragraph at lines 1631--1631
[]          \OT1/cmtt/m/n/10 cat_cost                                          
            Catastrophic Cost Calculated[] 
 []


Overfull \hbox (55.2404pt too wide) in paragraph at lines 1631--1631
[]          \OT1/cmtt/m/n/10 --------------------------------------------------
----------------------------------------[] 
 []


Overfull \hbox (55.2404pt too wide) in paragraph at lines 1631--1631
[]          \OT1/cmtt/m/n/10 --------------------------------------------------
----------------------------------------[] 
 []


Overfull \hbox (55.2404pt too wide) in paragraph at lines 1631--1631
[]          \OT1/cmtt/m/n/10 currency_yr                                       
                  Reported Currency Year[] 
 []


Overfull \hbox (55.2404pt too wide) in paragraph at lines 1631--1631
[]          \OT1/cmtt/m/n/10 --------------------------------------------------
----------------------------------------[] 
 []

[19]
Overfull \hbox (55.2404pt too wide) in paragraph at lines 1631--1631
[]          \OT1/cmtt/m/n/10 --------------------------------------------------
----------------------------------------[] 
 []


Overfull \hbox (55.2404pt too wide) in paragraph at lines 1631--1631
[]          \OT1/cmtt/m/n/10 iso_code                                          
                       Reported Currency[] 
 []


Overfull \hbox (55.2404pt too wide) in paragraph at lines 1631--1631
[]          \OT1/cmtt/m/n/10 --------------------------------------------------
----------------------------------------[] 
 []


Overfull \hbox (55.2404pt too wide) in paragraph at lines 1631--1631
[]          \OT1/cmtt/m/n/10 --------------------------------------------------
----------------------------------------[] 
 []


Overfull \hbox (55.2404pt too wide) in paragraph at lines 1631--1631
[]          \OT1/cmtt/m/n/10 currency_iso                                      
             Currency of Data Collection[] 
 []


Overfull \hbox (55.2404pt too wide) in paragraph at lines 1631--1631
[]          \OT1/cmtt/m/n/10 --------------------------------------------------
----------------------------------------[] 
 []


Overfull \hbox (55.2404pt too wide) in paragraph at lines 1631--1631
[]          \OT1/cmtt/m/n/10 --------------------------------------------------
----------------------------------------[] 
 []


Overfull \hbox (55.2404pt too wide) in paragraph at lines 1631--1631
[]          \OT1/cmtt/m/n/10 currency_x                                        
                Currency Exchange Method[] 
 []


Overfull \hbox (55.2404pt too wide) in paragraph at lines 1631--1631
[]          \OT1/cmtt/m/n/10 --------------------------------------------------
----------------------------------------[] 
 []


Overfull \hbox (55.2404pt too wide) in paragraph at lines 1631--1631
[]          \OT1/cmtt/m/n/10 --------------------------------------------------
----------------------------------------[] 
 []


Overfull \hbox (55.2404pt too wide) in paragraph at lines 1631--1631
[]          \OT1/cmtt/m/n/10 current_x_rate                                    
                  Currency Exchange Rate[] 
 []


Overfull \hbox (55.2404pt too wide) in paragraph at lines 1631--1631
[]          \OT1/cmtt/m/n/10 --------------------------------------------------
----------------------------------------[] 
 []

[20]
Overfull \hbox (55.2404pt too wide) in paragraph at lines 1631--1631
[]          \OT1/cmtt/m/n/10 --------------------------------------------------
----------------------------------------[] 
 []


Overfull \hbox (55.2404pt too wide) in paragraph at lines 1631--1631
[]          \OT1/cmtt/m/n/10 discount_rate                                     
                           Discount Rate[] 
 []


Overfull \hbox (55.2404pt too wide) in paragraph at lines 1631--1631
[]          \OT1/cmtt/m/n/10 --------------------------------------------------
----------------------------------------[] 
 []


Overfull \hbox (55.2404pt too wide) in paragraph at lines 1631--1631
[]          \OT1/cmtt/m/n/10 --------------------------------------------------
----------------------------------------[] 
 []


Overfull \hbox (55.2404pt too wide) in paragraph at lines 1631--1631
[]          \OT1/cmtt/m/n/10 inflation                                         
                          Inflation rate[] 
 []


Overfull \hbox (55.2404pt too wide) in paragraph at lines 1631--1631
[]          \OT1/cmtt/m/n/10 --------------------------------------------------
----------------------------------------[] 
 []


Overfull \hbox (55.2404pt too wide) in paragraph at lines 1631--1631
[]          \OT1/cmtt/m/n/10 --------------------------------------------------
----------------------------------------[] 
 []


Overfull \hbox (55.2404pt too wide) in paragraph at lines 1631--1631
[]          \OT1/cmtt/m/n/10 mean_cost                                         
                          Mean Unit Cost[] 
 []


Overfull \hbox (55.2404pt too wide) in paragraph at lines 1631--1631
[]          \OT1/cmtt/m/n/10 --------------------------------------------------
----------------------------------------[] 
 []


Overfull \hbox (55.2404pt too wide) in paragraph at lines 1631--1631
[]          \OT1/cmtt/m/n/10 --------------------------------------------------
----------------------------------------[] 
 []


Overfull \hbox (55.2404pt too wide) in paragraph at lines 1631--1631
[]          \OT1/cmtt/m/n/10 si_personnel                                      
                          Personnel (SI)[] 
 []


Overfull \hbox (55.2404pt too wide) in paragraph at lines 1631--1631
[]          \OT1/cmtt/m/n/10 --------------------------------------------------
----------------------------------------[] 
 []


Overfull \hbox (55.2404pt too wide) in paragraph at lines 1631--1631
[]          \OT1/cmtt/m/n/10 --------------------------------------------------
----------------------------------------[] 
 []


Overfull \hbox (55.2404pt too wide) in paragraph at lines 1631--1631
[]          \OT1/cmtt/m/n/10 si_per_service_delivery                           
 Personnel: Direct Service Delivery (SI)[] 
 []

[21]
Overfull \hbox (55.2404pt too wide) in paragraph at lines 1631--1631
[]          \OT1/cmtt/m/n/10 --------------------------------------------------
----------------------------------------[] 
 []


Overfull \hbox (55.2404pt too wide) in paragraph at lines 1631--1631
[]          \OT1/cmtt/m/n/10 --------------------------------------------------
----------------------------------------[] 
 []


Overfull \hbox (55.2404pt too wide) in paragraph at lines 1631--1631
[]          \OT1/cmtt/m/n/10 si_per_support                                    
                 Personnel: Support (SI)[] 
 []


Overfull \hbox (55.2404pt too wide) in paragraph at lines 1631--1631
[]          \OT1/cmtt/m/n/10 --------------------------------------------------
----------------------------------------[] 
 []


Overfull \hbox (55.2404pt too wide) in paragraph at lines 1631--1631
[]          \OT1/cmtt/m/n/10 --------------------------------------------------
----------------------------------------[] 
 []


Overfull \hbox (55.2404pt too wide) in paragraph at lines 1631--1631
[]          \OT1/cmtt/m/n/10 si_per_mixed_unspec                               
       Personnel: Mixed Unspecified (SI)[] 
 []


Overfull \hbox (55.2404pt too wide) in paragraph at lines 1631--1631
[]          \OT1/cmtt/m/n/10 --------------------------------------------------
----------------------------------------[] 
 []


Overfull \hbox (55.2404pt too wide) in paragraph at lines 1631--1631
[]          \OT1/cmtt/m/n/10 --------------------------------------------------
----------------------------------------[] 
 []


Overfull \hbox (55.2404pt too wide) in paragraph at lines 1631--1631
[]          \OT1/cmtt/m/n/10 si_recurrent                                      
                    Recurrent Goods (SI)[] 
 []


Overfull \hbox (55.2404pt too wide) in paragraph at lines 1631--1631
[]          \OT1/cmtt/m/n/10 --------------------------------------------------
----------------------------------------[] 
 []


Overfull \hbox (55.2404pt too wide) in paragraph at lines 1631--1631
[]          \OT1/cmtt/m/n/10 --------------------------------------------------
----------------------------------------[] 
 []


Overfull \hbox (55.2404pt too wide) in paragraph at lines 1631--1631
[]          \OT1/cmtt/m/n/10 si_rec_key_drugs                                  
    Recurring: Supplies (key drugs) (SI)[] 
 []


Overfull \hbox (55.2404pt too wide) in paragraph at lines 1631--1631
[]          \OT1/cmtt/m/n/10 --------------------------------------------------
----------------------------------------[] 
 []

[22]
Overfull \hbox (55.2404pt too wide) in paragraph at lines 1631--1631
[]          \OT1/cmtt/m/n/10 --------------------------------------------------
----------------------------------------[] 
 []


Overfull \hbox (49.99045pt too wide) in paragraph at lines 1631--1631
[]          \OT1/cmtt/m/n/10 si_rec_med_int_supplies                Recurring: 
Medical Supplies (excluding drugs) (SI)[] 
 []


Overfull \hbox (55.2404pt too wide) in paragraph at lines 1631--1631
[]          \OT1/cmtt/m/n/10 --------------------------------------------------
----------------------------------------[] 
 []


Overfull \hbox (55.2404pt too wide) in paragraph at lines 1631--1631
[]          \OT1/cmtt/m/n/10 --------------------------------------------------
----------------------------------------[] 
 []


Overfull \hbox (55.2404pt too wide) in paragraph at lines 1631--1631
[]          \OT1/cmtt/m/n/10 si_rec_nonmed_int_supplies                        
    Recurring: Non-medical Supplies (SI)[] 
 []


Overfull \hbox (55.2404pt too wide) in paragraph at lines 1631--1631
[]          \OT1/cmtt/m/n/10 --------------------------------------------------
----------------------------------------[] 
 []


Overfull \hbox (55.2404pt too wide) in paragraph at lines 1631--1631
[]          \OT1/cmtt/m/n/10 --------------------------------------------------
----------------------------------------[] 
 []


Overfull \hbox (55.2404pt too wide) in paragraph at lines 1631--1631
[]          \OT1/cmtt/m/n/10 si_rec_building_space                             
          Recurring: Building Space (SI)[] 
 []


Overfull \hbox (55.2404pt too wide) in paragraph at lines 1631--1631
[]          \OT1/cmtt/m/n/10 --------------------------------------------------
----------------------------------------[] 
 []


Overfull \hbox (55.2404pt too wide) in paragraph at lines 1631--1631
[]          \OT1/cmtt/m/n/10 --------------------------------------------------
----------------------------------------[] 
 []


Overfull \hbox (55.2404pt too wide) in paragraph at lines 1631--1631
[]          \OT1/cmtt/m/n/10 si_rec_other                                      
                   Recurring: Other (SI)[] 
 []


Overfull \hbox (55.2404pt too wide) in paragraph at lines 1631--1631
[]          \OT1/cmtt/m/n/10 --------------------------------------------------
----------------------------------------[] 
 []

[23]
Overfull \hbox (55.2404pt too wide) in paragraph at lines 1631--1631
[]          \OT1/cmtt/m/n/10 --------------------------------------------------
----------------------------------------[] 
 []


Overfull \hbox (55.2404pt too wide) in paragraph at lines 1631--1631
[]          \OT1/cmtt/m/n/10 si_capital                                        
                            Capital (SI)[] 
 []


Overfull \hbox (55.2404pt too wide) in paragraph at lines 1631--1631
[]          \OT1/cmtt/m/n/10 --------------------------------------------------
----------------------------------------[] 
 []


Overfull \hbox (55.2404pt too wide) in paragraph at lines 1631--1631
[]          \OT1/cmtt/m/n/10 --------------------------------------------------
----------------------------------------[] 
 []


Overfull \hbox (55.2404pt too wide) in paragraph at lines 1631--1631
[]          \OT1/cmtt/m/n/10 si_cap_medical_equip                              
       Capital: Equipment (medical) (SI)[] 
 []


Overfull \hbox (55.2404pt too wide) in paragraph at lines 1631--1631
[]          \OT1/cmtt/m/n/10 --------------------------------------------------
----------------------------------------[] 
 []


Overfull \hbox (55.2404pt too wide) in paragraph at lines 1631--1631
[]          \OT1/cmtt/m/n/10 --------------------------------------------------
----------------------------------------[] 
 []


Overfull \hbox (55.2404pt too wide) in paragraph at lines 1631--1631
[]          \OT1/cmtt/m/n/10 si_cap_equip_non_medical_inter                    
   Capital: Equipment (non-medical) (SI)[] 
 []


Overfull \hbox (55.2404pt too wide) in paragraph at lines 1631--1631
[]          \OT1/cmtt/m/n/10 --------------------------------------------------
----------------------------------------[] 
 []


Overfull \hbox (55.2404pt too wide) in paragraph at lines 1631--1631
[]          \OT1/cmtt/m/n/10 --------------------------------------------------
----------------------------------------[] 
 []


Overfull \hbox (55.2404pt too wide) in paragraph at lines 1631--1631
[]          \OT1/cmtt/m/n/10 si_cap_build                                      
            Capital: Building/space (SI)[] 
 []


Overfull \hbox (55.2404pt too wide) in paragraph at lines 1631--1631
[]          \OT1/cmtt/m/n/10 --------------------------------------------------
----------------------------------------[] 
 []

[24]
Overfull \hbox (55.2404pt too wide) in paragraph at lines 1631--1631
[]          \OT1/cmtt/m/n/10 --------------------------------------------------
----------------------------------------[] 
 []


Overfull \hbox (55.2404pt too wide) in paragraph at lines 1631--1631
[]          \OT1/cmtt/m/n/10 si_cap_vehic                                      
                  Capital: Vehicles (SI)[] 
 []


Overfull \hbox (55.2404pt too wide) in paragraph at lines 1631--1631
[]          \OT1/cmtt/m/n/10 --------------------------------------------------
----------------------------------------[] 
 []


Overfull \hbox (55.2404pt too wide) in paragraph at lines 1631--1631
[]          \OT1/cmtt/m/n/10 --------------------------------------------------
----------------------------------------[] 
 []


Overfull \hbox (55.2404pt too wide) in paragraph at lines 1631--1631
[]          \OT1/cmtt/m/n/10 si_cap_other                                      
                     Capital: Other (SI)[] 
 []


Overfull \hbox (55.2404pt too wide) in paragraph at lines 1631--1631
[]          \OT1/cmtt/m/n/10 --------------------------------------------------
----------------------------------------[] 
 []


Overfull \hbox (55.2404pt too wide) in paragraph at lines 1631--1631
[]          \OT1/cmtt/m/n/10 --------------------------------------------------
----------------------------------------[] 
 []


Overfull \hbox (55.2404pt too wide) in paragraph at lines 1631--1631
[]          \OT1/cmtt/m/n/10 si_mixed                                          
                              Mixed (SI)[] 
 []


Overfull \hbox (55.2404pt too wide) in paragraph at lines 1631--1631
[]          \OT1/cmtt/m/n/10 --------------------------------------------------
----------------------------------------[] 
 []


Overfull \hbox (55.2404pt too wide) in paragraph at lines 1631--1631
[]          \OT1/cmtt/m/n/10 --------------------------------------------------
----------------------------------------[] 
 []


Overfull \hbox (55.2404pt too wide) in paragraph at lines 1631--1631
[]          \OT1/cmtt/m/n/10 a_primary_sd                                      
            Primary Service Delivery (A)[] 
 []


Overfull \hbox (55.2404pt too wide) in paragraph at lines 1631--1631
[]          \OT1/cmtt/m/n/10 --------------------------------------------------
----------------------------------------[] 
 []

[25]
Overfull \hbox (55.2404pt too wide) in paragraph at lines 1631--1631
[]          \OT1/cmtt/m/n/10 --------------------------------------------------
----------------------------------------[] 
 []


Overfull \hbox (55.2404pt too wide) in paragraph at lines 1631--1631
[]          \OT1/cmtt/m/n/10 a_prisd_rc_counseling                             
          Primary SD: R&C Counseling (A)[] 
 []


Overfull \hbox (55.2404pt too wide) in paragraph at lines 1631--1631
[]          \OT1/cmtt/m/n/10 --------------------------------------------------
----------------------------------------[] 
 []


Overfull \hbox (55.2404pt too wide) in paragraph at lines 1631--1631
[]          \OT1/cmtt/m/n/10 --------------------------------------------------
----------------------------------------[] 
 []


Overfull \hbox (55.2404pt too wide) in paragraph at lines 1631--1631
[]          \OT1/cmtt/m/n/10 a_prisd_unspecified                               
             Primary SD: Unspecified (A)[] 
 []


Overfull \hbox (55.2404pt too wide) in paragraph at lines 1631--1631
[]          \OT1/cmtt/m/n/10 --------------------------------------------------
----------------------------------------[] 
 []


Overfull \hbox (55.2404pt too wide) in paragraph at lines 1631--1631
[]          \OT1/cmtt/m/n/10 --------------------------------------------------
----------------------------------------[] 
 []


Overfull \hbox (55.2404pt too wide) in paragraph at lines 1631--1631
[]          \OT1/cmtt/m/n/10 a_secondary_sd                                    
          Secondary Service Delivery (A)[] 
 []


Overfull \hbox (55.2404pt too wide) in paragraph at lines 1631--1631
[]          \OT1/cmtt/m/n/10 --------------------------------------------------
----------------------------------------[] 
 []


Overfull \hbox (55.2404pt too wide) in paragraph at lines 1631--1631
[]          \OT1/cmtt/m/n/10 --------------------------------------------------
----------------------------------------[] 
 []


Overfull \hbox (55.2404pt too wide) in paragraph at lines 1631--1631
[]          \OT1/cmtt/m/n/10 a_ancillary                                       
                           Ancillary (A)[] 
 []


Overfull \hbox (55.2404pt too wide) in paragraph at lines 1631--1631
[]          \OT1/cmtt/m/n/10 --------------------------------------------------
----------------------------------------[] 
 []


Overfull \hbox (55.2404pt too wide) in paragraph at lines 1631--1631
[]          \OT1/cmtt/m/n/10 --------------------------------------------------
----------------------------------------[] 
 []


Overfull \hbox (55.2404pt too wide) in paragraph at lines 1631--1631
[]          \OT1/cmtt/m/n/10 a_anc_demand_generation                           
        Ancillary: Demand Generation (A)[] 
 []

[26]
Overfull \hbox (55.2404pt too wide) in paragraph at lines 1631--1631
[]          \OT1/cmtt/m/n/10 --------------------------------------------------
----------------------------------------[] 
 []


Overfull \hbox (55.2404pt too wide) in paragraph at lines 1631--1631
[]          \OT1/cmtt/m/n/10 --------------------------------------------------
----------------------------------------[] 
 []


Overfull \hbox (55.2404pt too wide) in paragraph at lines 1631--1631
[]          \OT1/cmtt/m/n/10 a_anc_lab_services                                
             Ancillary: Lab Services (A)[] 
 []


Overfull \hbox (55.2404pt too wide) in paragraph at lines 1631--1631
[]          \OT1/cmtt/m/n/10 --------------------------------------------------
----------------------------------------[] 
 []


Overfull \hbox (55.2404pt too wide) in paragraph at lines 1631--1631
[]          \OT1/cmtt/m/n/10 --------------------------------------------------
----------------------------------------[] 
 []


Overfull \hbox (55.2404pt too wide) in paragraph at lines 1631--1631
[]          \OT1/cmtt/m/n/10 a_anc_adhreten                                    
      Ancillary: Adherence/Retention (A)[] 
 []


Overfull \hbox (55.2404pt too wide) in paragraph at lines 1631--1631
[]          \OT1/cmtt/m/n/10 --------------------------------------------------
----------------------------------------[] 
 []


Overfull \hbox (55.2404pt too wide) in paragraph at lines 1631--1631
[]          \OT1/cmtt/m/n/10 --------------------------------------------------
----------------------------------------[] 
 []


Overfull \hbox (55.2404pt too wide) in paragraph at lines 1631--1631
[]          \OT1/cmtt/m/n/10 a_anc_unspecified                                 
              Ancillary: Unspecified (A)[] 
 []


Overfull \hbox (55.2404pt too wide) in paragraph at lines 1631--1631
[]          \OT1/cmtt/m/n/10 --------------------------------------------------
----------------------------------------[] 
 []


Overfull \hbox (55.2404pt too wide) in paragraph at lines 1631--1631
[]          \OT1/cmtt/m/n/10 --------------------------------------------------
----------------------------------------[] 
 []


Overfull \hbox (55.2404pt too wide) in paragraph at lines 1631--1631
[]          \OT1/cmtt/m/n/10 a_operational                                     
                         Operational (A)[] 
 []


Overfull \hbox (55.2404pt too wide) in paragraph at lines 1631--1631
[]          \OT1/cmtt/m/n/10 --------------------------------------------------
----------------------------------------[] 
 []

[27]
Overfull \hbox (55.2404pt too wide) in paragraph at lines 1631--1631
[]          \OT1/cmtt/m/n/10 --------------------------------------------------
----------------------------------------[] 
 []


Overfull \hbox (55.2404pt too wide) in paragraph at lines 1631--1631
[]          \OT1/cmtt/m/n/10 a_ope_bldg_equip                                  
Operational: Buildings and Equipment (A)[] 
 []


Overfull \hbox (55.2404pt too wide) in paragraph at lines 1631--1631
[]          \OT1/cmtt/m/n/10 --------------------------------------------------
----------------------------------------[] 
 []


Overfull \hbox (55.2404pt too wide) in paragraph at lines 1631--1631
[]          \OT1/cmtt/m/n/10 --------------------------------------------------
----------------------------------------[] 
 []


Overfull \hbox (55.2404pt too wide) in paragraph at lines 1631--1631
[]          \OT1/cmtt/m/n/10 a_ope_logistics                                   
              Operational: Logistics (A)[] 
 []


Overfull \hbox (55.2404pt too wide) in paragraph at lines 1631--1631
[]          \OT1/cmtt/m/n/10 --------------------------------------------------
----------------------------------------[] 
 []


Overfull \hbox (55.2404pt too wide) in paragraph at lines 1631--1631
[]          \OT1/cmtt/m/n/10 --------------------------------------------------
----------------------------------------[] 
 []


Overfull \hbox (55.2404pt too wide) in paragraph at lines 1631--1631
[]          \OT1/cmtt/m/n/10 a_ope_program_mgmt                                
     Operational: Program Management (A)[] 
 []


Overfull \hbox (55.2404pt too wide) in paragraph at lines 1631--1631
[]          \OT1/cmtt/m/n/10 --------------------------------------------------
----------------------------------------[] 
 []


Overfull \hbox (55.2404pt too wide) in paragraph at lines 1631--1631
[]          \OT1/cmtt/m/n/10 --------------------------------------------------
----------------------------------------[] 
 []


Overfull \hbox (55.2404pt too wide) in paragraph at lines 1631--1631
[]          \OT1/cmtt/m/n/10 a_ope_supervision                                 
            Operational: Supervision (A)[] 
 []


Overfull \hbox (55.2404pt too wide) in paragraph at lines 1631--1631
[]          \OT1/cmtt/m/n/10 --------------------------------------------------
----------------------------------------[] 
 []

[28]
Overfull \hbox (55.2404pt too wide) in paragraph at lines 1631--1631
[]          \OT1/cmtt/m/n/10 --------------------------------------------------
----------------------------------------[] 
 []


Overfull \hbox (55.2404pt too wide) in paragraph at lines 1631--1631
[]          \OT1/cmtt/m/n/10 a_ope_training                                    
               Operational: Training (A)[] 
 []


Overfull \hbox (55.2404pt too wide) in paragraph at lines 1631--1631
[]          \OT1/cmtt/m/n/10 --------------------------------------------------
----------------------------------------[] 
 []


Overfull \hbox (55.2404pt too wide) in paragraph at lines 1631--1631
[]          \OT1/cmtt/m/n/10 --------------------------------------------------
----------------------------------------[] 
 []


Overfull \hbox (55.2404pt too wide) in paragraph at lines 1631--1631
[]          \OT1/cmtt/m/n/10 a_ope_transportation                              
         Operational: Transportation (A)[] 
 []


Overfull \hbox (55.2404pt too wide) in paragraph at lines 1631--1631
[]          \OT1/cmtt/m/n/10 --------------------------------------------------
----------------------------------------[] 
 []


Overfull \hbox (55.2404pt too wide) in paragraph at lines 1631--1631
[]          \OT1/cmtt/m/n/10 --------------------------------------------------
----------------------------------------[] 
 []


Overfull \hbox (55.2404pt too wide) in paragraph at lines 1631--1631
[]          \OT1/cmtt/m/n/10 a_ope_massed                                      
         Operational: Mass Education (A)[] 
 []


Overfull \hbox (55.2404pt too wide) in paragraph at lines 1631--1631
[]          \OT1/cmtt/m/n/10 --------------------------------------------------
----------------------------------------[] 
 []


Overfull \hbox (55.2404pt too wide) in paragraph at lines 1631--1631
[]          \OT1/cmtt/m/n/10 --------------------------------------------------
----------------------------------------[] 
 []


Overfull \hbox (55.2404pt too wide) in paragraph at lines 1631--1631
[]          \OT1/cmtt/m/n/10 a_ope_hmis                                        
Operational: HMIS and Record-Keeping (A)[] 
 []


Overfull \hbox (55.2404pt too wide) in paragraph at lines 1631--1631
[]          \OT1/cmtt/m/n/10 --------------------------------------------------
----------------------------------------[] 
 []


Overfull \hbox (55.2404pt too wide) in paragraph at lines 1631--1631
[]          \OT1/cmtt/m/n/10 --------------------------------------------------
----------------------------------------[] 
 []


Overfull \hbox (55.2404pt too wide) in paragraph at lines 1631--1631
[]          \OT1/cmtt/m/n/10 a_ope_technology_development                      
 Operational: Technology development (A)[] 
 []


Overfull \hbox (55.2404pt too wide) in paragraph at lines 1631--1631
[]          \OT1/cmtt/m/n/10 --------------------------------------------------
----------------------------------------[] 
 []

[29]
Overfull \hbox (55.2404pt too wide) in paragraph at lines 1631--1631
[]          \OT1/cmtt/m/n/10 --------------------------------------------------
----------------------------------------[] 
 []


Overfull \hbox (55.2404pt too wide) in paragraph at lines 1631--1631
[]          \OT1/cmtt/m/n/10 a_ope_unspecified                                 
            Operational: Unspecified (A)[] 
 []


Overfull \hbox (55.2404pt too wide) in paragraph at lines 1631--1631
[]          \OT1/cmtt/m/n/10 --------------------------------------------------
----------------------------------------[] 
 []


Overfull \hbox (55.2404pt too wide) in paragraph at lines 1631--1631
[]          \OT1/cmtt/m/n/10 --------------------------------------------------
----------------------------------------[] 
 []


Overfull \hbox (55.2404pt too wide) in paragraph at lines 1631--1631
[]          \OT1/cmtt/m/n/10 a_mixed                                           
                               Mixed (A)[] 
 []


Overfull \hbox (55.2404pt too wide) in paragraph at lines 1631--1631
[]          \OT1/cmtt/m/n/10 --------------------------------------------------
----------------------------------------[] 
 []

Package atveryend Info: Empty hook `BeforeClearDocument' on input line 1633.
[30]
Package atveryend Info: Empty hook `AfterLastShipout' on input line 1633.
 (./data_check.aux)
Package atveryend Info: Executing hook `AtVeryEndDocument' on input line 1633.
Package atveryend Info: Executing hook `AtEndAfterFileList' on input line 1633.

Package rerunfilecheck Info: File `data_check.out' has not changed.
(rerunfilecheck)             Checksum: 307D7A90B4C0C6654C9EBE694B73522F;72.
Package atveryend Info: Empty hook `AtVeryVeryEnd' on input line 1633.
 ) 
Here is how much of TeX's memory you used:
 5577 strings out of 492995
 83037 string characters out of 6132704
 255324 words of memory out of 5000000
 9075 multiletter control sequences out of 15000+600000
 8055 words of font info for 29 fonts, out of 8000000 for 9000
 1141 hyphenation exceptions out of 8191
 28i,6n,28p,243b,445s stack positions out of 5000i,500n,10000p,200000b,80000s
</usr/local/texlive/2017/texmf-dist/fonts/type1/public/amsfonts/cm/cmbx12.pfb
></usr/local/texlive/2017/texmf-dist/fonts/type1/public/amsfonts/cm/cmbx9.pfb><
/usr/local/texlive/2017/texmf-dist/fonts/type1/public/amsfonts/cm/cmr10.pfb></u
sr/local/texlive/2017/texmf-dist/fonts/type1/public/amsfonts/cm/cmr12.pfb></usr
/local/texlive/2017/texmf-dist/fonts/type1/public/amsfonts/cm/cmr17.pfb></usr/l
ocal/texlive/2017/texmf-dist/fonts/type1/public/amsfonts/cm/cmr9.pfb></usr/loca
l/texlive/2017/texmf-dist/fonts/type1/public/amsfonts/cm/cmtt10.pfb>
Output written on data_check.pdf (30 pages, 108126 bytes).
PDF statistics:
 174 PDF objects out of 1000 (max. 8388607)
 133 compressed objects within 2 object streams
 32 named destinations out of 1000 (max. 500000)
 9 words of extra memory for PDF output out of 10000 (max. 10000000)

